# JRE version: Java(TM) SE Runtime Environment 18.9 (11.0.14+8) (build 11.0.14+8-LTS-263)
# Java VM: Java HotSpot(TM) 64-Bit Server VM 18.9 (11.0.14+8-LTS-263, mixed mode, tiered, compressed oops, g1 gc, windows-amd64)
Heap:
 garbage-first heap   total 152576K, used 74180K [0x0000000083a00000, 0x0000000100000000)
  region size 1024K, 4 young (4096K), 4 survivors (4096K)
 Metaspace       used 84837K, capacity 89169K, committed 89344K, reserved 1126400K
  class space    used 11045K, capacity 12502K, committed 12544K, reserved 1048576K
GC Heap History (10 events):
Event: 2461.996 GC heap after
{Heap after GC invocations=145 (full 7):
 garbage-first heap   total 126976K, used 74636K [0x0000000083a00000, 0x0000000100000000)
  region size 1024K, 4 young (4096K), 4 survivors (4096K)
 Metaspace       used 84494K, capacity 88762K, committed 89088K, reserved 1126400K
  class space    used 11015K, capacity 12456K, committed 12544K, reserved 1048576K
}
Event: 2474.905 GC heap before
{Heap before GC invocations=146 (full 7):
 garbage-first heap   total 126976K, used 88972K [0x0000000083a00000, 0x0000000100000000)
  region size 1024K, 19 young (19456K), 4 survivors (4096K)
 Metaspace       used 84508K, capacity 88786K, committed 89088K, reserved 1126400K
  class space    used 11017K, capacity 12461K, committed 12544K, reserved 1048576K
}
Event: 2475.156 GC heap after
{Heap after GC invocations=147 (full 8):
 garbage-first heap   total 126976K, used 67975K [0x0000000083a00000, 0x0000000100000000)
  region size 1024K, 0 young (0K), 0 survivors (0K)
 Metaspace       used 84508K, capacity 88786K, committed 89088K, reserved 1126400K
  class space    used 11017K, capacity 12461K, committed 12544K, reserved 1048576K
}
Event: 2475.865 GC heap before
{Heap before GC invocations=147 (full 8):
 garbage-first heap   total 126976K, used 96647K [0x0000000083a00000, 0x0000000100000000)
  region size 1024K, 28 young (28672K), 0 survivors (0K)
 Metaspace       used 84548K, capacity 88874K, committed 89088K, reserved 1126400K
  class space    used 11024K, capacity 12469K, committed 12544K, reserved 1048576K
}
Event: 2475.873 GC heap after
{Heap after GC invocations=148 (full 8):
 garbage-first heap   total 126976K, used 70363K [0x0000000083a00000, 0x0000000100000000)
  region size 1024K, 3 young (3072K), 3 survivors (3072K)
 Metaspace       used 84548K, capacity 88874K, committed 89088K, reserved 1126400K
  class space    used 11024K, capacity 12469K, committed 12544K, reserved 1048576K
}
Event: 2477.574 GC heap before
{Heap before GC invocations=149 (full 8):
 garbage-first heap   total 126976K, used 99035K [0x0000000083a00000, 0x0000000100000000)
  region size 1024K, 31 young (31744K), 3 survivors (3072K)
 Metaspace       used 84581K, capacity 88906K, committed 89088K, reserved 1126400K
  class space    used 11030K, capacity 12501K, committed 12544K, reserved 1048576K
}
Event: 2477.582 GC heap after
{Heap after GC invocations=150 (full 8):
 garbage-first heap   total 126976K, used 70703K [0x0000000083a00000, 0x0000000100000000)
  region size 1024K, 3 young (3072K), 3 survivors (3072K)
 Metaspace       used 84581K, capacity 88906K, committed 89088K, reserved 1126400K
  class space    used 11030K, capacity 12501K, committed 12544K, reserved 1048576K
}
Event: 2478.689 GC heap before
{Heap before GC invocations=150 (full 8):
 garbage-first heap   total 126976K, used 100399K [0x0000000083a00000, 0x0000000100000000)
  region size 1024K, 32 young (32768K), 3 survivors (3072K)
 Metaspace       used 84594K, capacity 88906K, committed 89088K, reserved 1126400K
  class space    used 11031K, capacity 12501K, committed 12544K, reserved 1048576K
}
Event: 2478.700 GC heap after
{Heap after GC invocations=151 (full 8):
 garbage-first heap   total 126976K, used 71766K [0x0000000083a00000, 0x0000000100000000)
  region size 1024K, 3 young (3072K), 3 survivors (3072K)
 Metaspace       used 84594K, capacity 88906K, committed 89088K, reserved 1126400K
  class space    used 11031K, capacity 12501K, committed 12544K, reserved 1048576K
}
Event: 2480.314 GC heap before
{Heap before GC invocations=152 (full 8):
 garbage-first heap   total 126976K, used 100438K [0x0000000083a00000, 0x0000000100000000)
  region size 1024K, 31 young (31744K), 3 survivors (3072K)
 Metaspace       used 84837K, capacity 89169K, committed 89344K, reserved 1126400K
  class space    used 11045K, capacity 12502K, committed 12544K, reserved 1048576K
}

