# JRE version: Java(TM) SE Runtime Environment 18.9 (11.0.14+8) (build 11.0.14+8-LTS-263)
# Java VM: Java HotSpot(TM) 64-Bit Server VM 18.9 (11.0.14+8-LTS-263, mixed mode, tiered, compressed oops, g1 gc, windows-amd64)
Heap:
 garbage-first heap   total 150528K, used 95905K [0x0000000083a00000, 0x0000000100000000)
  region size 1024K, 9 young (9216K), 5 survivors (5120K)
 Metaspace       used 87831K, capacity 93493K, committed 93568K, reserved 1130496K
  class space    used 11448K, capacity 13153K, committed 13184K, reserved 1048576K
GC Heap History (10 events):
Event: 1268.406 GC heap before
{Heap before GC invocations=160 (full 21):
 garbage-first heap   total 145408K, used 100176K [0x0000000083a00000, 0x0000000100000000)
  region size 1024K, 14 young (14336K), 4 survivors (4096K)
 Metaspace       used 87525K, capacity 93105K, committed 93312K, reserved 1130496K
  class space    used 11419K, capacity 13110K, committed 13184K, reserved 1048576K
}
Event: 1268.560 GC heap after
{Heap after GC invocations=161 (full 22):
 garbage-first heap   total 150528K, used 86576K [0x0000000083a00000, 0x0000000100000000)
  region size 1024K, 0 young (0K), 0 survivors (0K)
 Metaspace       used 87525K, capacity 93105K, committed 93312K, reserved 1130496K
  class space    used 11419K, capacity 13110K, committed 13184K, reserved 1048576K
}
Event: 1268.795 GC heap before
{Heap before GC invocations=161 (full 22):
 garbage-first heap   total 150528K, used 119344K [0x0000000083a00000, 0x0000000100000000)
  region size 1024K, 33 young (33792K), 0 survivors (0K)
 Metaspace       used 87563K, capacity 93193K, committed 93312K, reserved 1130496K
  class space    used 11427K, capacity 13118K, committed 13184K, reserved 1048576K
}
Event: 1268.798 GC heap after
{Heap after GC invocations=162 (full 22):
 garbage-first heap   total 150528K, used 88970K [0x0000000083a00000, 0x0000000100000000)
  region size 1024K, 3 young (3072K), 3 survivors (3072K)
 Metaspace       used 87563K, capacity 93193K, committed 93312K, reserved 1130496K
  class space    used 11427K, capacity 13118K, committed 13184K, reserved 1048576K
}
Event: 1269.184 GC heap before
{Heap before GC invocations=163 (full 22):
 garbage-first heap   total 150528K, used 121738K [0x0000000083a00000, 0x0000000100000000)
  region size 1024K, 35 young (35840K), 3 survivors (3072K)
 Metaspace       used 87600K, capacity 93225K, committed 93312K, reserved 1130496K
  class space    used 11433K, capacity 13150K, committed 13184K, reserved 1048576K
}
Event: 1269.188 GC heap after
{Heap after GC invocations=164 (full 22):
 garbage-first heap   total 150528K, used 89976K [0x0000000083a00000, 0x0000000100000000)
  region size 1024K, 4 young (4096K), 4 survivors (4096K)
 Metaspace       used 87600K, capacity 93225K, committed 93312K, reserved 1130496K
  class space    used 11433K, capacity 13150K, committed 13184K, reserved 1048576K
}
Event: 1269.455 GC heap before
{Heap before GC invocations=164 (full 22):
 garbage-first heap   total 150528K, used 122744K [0x0000000083a00000, 0x0000000100000000)
  region size 1024K, 36 young (36864K), 4 survivors (4096K)
 Metaspace       used 87640K, capacity 93289K, committed 93568K, reserved 1130496K
  class space    used 11437K, capacity 13150K, committed 13184K, reserved 1048576K
}
Event: 1269.461 GC heap after
{Heap after GC invocations=165 (full 22):
 garbage-first heap   total 150528K, used 90933K [0x0000000083a00000, 0x0000000100000000)
  region size 1024K, 3 young (3072K), 3 survivors (3072K)
 Metaspace       used 87640K, capacity 93289K, committed 93568K, reserved 1130496K
  class space    used 11437K, capacity 13150K, committed 13184K, reserved 1048576K
}
Event: 1269.871 GC heap before
{Heap before GC invocations=166 (full 22):
 garbage-first heap   total 150528K, used 123701K [0x0000000083a00000, 0x0000000100000000)
  region size 1024K, 35 young (35840K), 3 survivors (3072K)
 Metaspace       used 87828K, capacity 93487K, committed 93568K, reserved 1130496K
  class space    used 11447K, capacity 13151K, committed 13184K, reserved 1048576K
}
Event: 1269.876 GC heap after
{Heap after GC invocations=167 (full 22):
 garbage-first heap   total 150528K, used 93857K [0x0000000083a00000, 0x0000000100000000)
  region size 1024K, 5 young (5120K), 5 survivors (5120K)
 Metaspace       used 87828K, capacity 93487K, committed 93568K, reserved 1130496K
  class space    used 11447K, capacity 13151K, committed 13184K, reserved 1048576K
}

