# JRE version: Java(TM) SE Runtime Environment 18.9 (11.0.14+8) (build 11.0.14+8-LTS-263)
# Java VM: Java HotSpot(TM) 64-Bit Server VM 18.9 (11.0.14+8-LTS-263, mixed mode, tiered, compressed oops, g1 gc, windows-amd64)
Heap:
 garbage-first heap   total 167936K, used 123853K [0x0000000083a00000, 0x0000000100000000)
  region size 1024K, 63 young (64512K), 4 survivors (4096K)
 Metaspace       used 91243K, capacity 97381K, committed 98012K, reserved 1134592K
  class space    used 11662K, capacity 13417K, committed 13644K, reserved 1048576K
GC Heap History (10 events):
Event: 4486.868 GC heap before
{Heap before GC invocations=253 (full 33):
 garbage-first heap   total 167936K, used 134426K [0x0000000083a00000, 0x0000000100000000)
  region size 1024K, 77 young (78848K), 0 survivors (0K)
 Metaspace       used 90383K, capacity 96337K, committed 97116K, reserved 1132544K
  class space    used 11590K, capacity 13328K, committed 13516K, reserved 1048576K
}
Event: 4486.872 GC heap after
{Heap after GC invocations=254 (full 33):
 garbage-first heap   total 167936K, used 59354K [0x0000000083a00000, 0x0000000100000000)
  region size 1024K, 4 young (4096K), 4 survivors (4096K)
 Metaspace       used 90383K, capacity 96337K, committed 97116K, reserved 1132544K
  class space    used 11590K, capacity 13328K, committed 13516K, reserved 1048576K
}
Event: 4491.333 GC heap before
{Heap before GC invocations=254 (full 33):
 garbage-first heap   total 167936K, used 115674K [0x0000000083a00000, 0x0000000100000000)
  region size 1024K, 60 young (61440K), 4 survivors (4096K)
 Metaspace       used 90615K, capacity 96605K, committed 97372K, reserved 1132544K
  class space    used 11605K, capacity 13331K, committed 13516K, reserved 1048576K
}
Event: 4491.473 GC heap after
{Heap after GC invocations=255 (full 34):
 garbage-first heap   total 167936K, used 58277K [0x0000000083a00000, 0x0000000100000000)
  region size 1024K, 0 young (0K), 0 survivors (0K)
 Metaspace       used 90615K, capacity 96605K, committed 97372K, reserved 1132544K
  class space    used 11605K, capacity 13331K, committed 13516K, reserved 1048576K
}
Event: 4492.050 GC heap before
{Heap before GC invocations=255 (full 34):
 garbage-first heap   total 167936K, used 136101K [0x0000000083a00000, 0x0000000100000000)
  region size 1024K, 76 young (77824K), 0 survivors (0K)
 Metaspace       used 90696K, capacity 96725K, committed 97500K, reserved 1132544K
  class space    used 11619K, capacity 13371K, committed 13644K, reserved 1048576K
}
Event: 4492.054 GC heap after
{Heap after GC invocations=256 (full 34):
 garbage-first heap   total 167936K, used 61802K [0x0000000083a00000, 0x0000000100000000)
  region size 1024K, 4 young (4096K), 4 survivors (4096K)
 Metaspace       used 90696K, capacity 96725K, committed 97500K, reserved 1132544K
  class space    used 11619K, capacity 13371K, committed 13644K, reserved 1048576K
}
Event: 4521.691 GC heap before
{Heap before GC invocations=256 (full 34):
 garbage-first heap   total 167936K, used 124266K [0x0000000083a00000, 0x0000000100000000)
  region size 1024K, 66 young (67584K), 4 survivors (4096K)
 Metaspace       used 90928K, capacity 96993K, committed 97756K, reserved 1134592K
  class space    used 11633K, capacity 13374K, committed 13644K, reserved 1048576K
}
Event: 4521.788 GC heap after
{Heap after GC invocations=257 (full 35):
 garbage-first heap   total 167936K, used 60951K [0x0000000083a00000, 0x0000000100000000)
  region size 1024K, 0 young (0K), 0 survivors (0K)
 Metaspace       used 90928K, capacity 96993K, committed 97756K, reserved 1134592K
  class space    used 11633K, capacity 13374K, committed 13644K, reserved 1048576K
}
Event: 4522.204 GC heap before
{Heap before GC invocations=257 (full 35):
 garbage-first heap   total 167936K, used 137751K [0x0000000083a00000, 0x0000000100000000)
  region size 1024K, 75 young (76800K), 0 survivors (0K)
 Metaspace       used 91010K, capacity 97113K, committed 97756K, reserved 1134592K
  class space    used 11647K, capacity 13414K, committed 13644K, reserved 1048576K
}
Event: 4522.208 GC heap after
{Heap after GC invocations=258 (full 35):
 garbage-first heap   total 167936K, used 64461K [0x0000000083a00000, 0x0000000100000000)
  region size 1024K, 4 young (4096K), 4 survivors (4096K)
 Metaspace       used 91010K, capacity 97113K, committed 97756K, reserved 1134592K
  class space    used 11647K, capacity 13414K, committed 13644K, reserved 1048576K
}

